[debug] [2021-10-25T13:04:58.436Z] ----------------------------------------------------------------------
[debug] [2021-10-25T13:04:58.438Z] Command:       C:\Program Files\nodejs\node.exe C:\Users\Mati\AppData\Roaming\npm\node_modules\firebase-tools\lib\bin\firebase.js emulators:start
[debug] [2021-10-25T13:04:58.438Z] CLI Version:   9.21.0
[debug] [2021-10-25T13:04:58.439Z] Platform:      win32
[debug] [2021-10-25T13:04:58.439Z] Node Version:  v14.18.1
[debug] [2021-10-25T13:04:58.440Z] Time:          Mon Oct 25 2021 10:04:58 GMT-0300 (hora estándar de Argentina)
[debug] [2021-10-25T13:04:58.440Z] ----------------------------------------------------------------------
[debug] 
[debug] [2021-10-25T13:04:58.501Z] > command requires scopes: ["email","openid","https://www.googleapis.com/auth/cloudplatformprojects.readonly","https://www.googleapis.com/auth/firebase","https://www.googleapis.com/auth/cloud-platform"]
[debug] [2021-10-25T13:04:58.501Z] > authorizing via signed-in user (mjsourigues@gmail.com)
[info] i  emulators: Starting emulators: functions, hosting {"metadata":{"emulator":{"name":"hub"},"message":"Starting emulators: functions, hosting"}}
[debug] [2021-10-25T13:04:58.530Z] [hub] writing locator at C:\Users\Mati\AppData\Local\Temp\hub-challenge-21021.json
[warn] !  functions: The following emulators are not running, calls to these services from the Functions emulator will affect production: auth, firestore, database, pubsub, storage {"metadata":{"emulator":{"name":"functions"},"message":"The following emulators are not running, calls to these services from the Functions emulator will affect production: \u001b[1mauth, firestore, database, pubsub, storage\u001b[22m"}}
[info] +  functions: Using node@14 from host. {"metadata":{"emulator":{"name":"functions"},"message":"Using node@14 from host."}}
[debug] [2021-10-25T13:04:58.570Z] defaultcredentials: writing to file C:\Users\Mati\AppData\Roaming\firebase\mjsourigues_gmail_com_application_default_credentials.json
[debug] [2021-10-25T13:04:58.575Z] Setting GAC to C:\Users\Mati\AppData\Roaming\firebase\mjsourigues_gmail_com_application_default_credentials.json {"metadata":{"emulator":{"name":"functions"},"message":"Setting GAC to C:\\Users\\Mati\\AppData\\Roaming\\firebase\\mjsourigues_gmail_com_application_default_credentials.json"}}
[debug] [2021-10-25T13:04:58.579Z] >>> [apiv2][query] GET https://firebase.googleapis.com/v1beta1/projects/challenge-21021/adminSdkConfig [none]
[debug] [2021-10-25T13:04:59.021Z] <<< [apiv2][status] GET https://firebase.googleapis.com/v1beta1/projects/challenge-21021/adminSdkConfig 200
[debug] [2021-10-25T13:04:59.021Z] <<< [apiv2][body] GET https://firebase.googleapis.com/v1beta1/projects/challenge-21021/adminSdkConfig {"projectId":"challenge-21021","storageBucket":"challenge-21021.appspot.com"}
[debug] [2021-10-25T13:04:59.035Z] >>> [apiv2][query] GET https://firebasehosting.googleapis.com/v1beta1/projects/challenge-21021/sites 
[debug] [2021-10-25T13:05:00.038Z] <<< [apiv2][status] GET https://firebasehosting.googleapis.com/v1beta1/projects/challenge-21021/sites 200
[debug] [2021-10-25T13:05:00.039Z] <<< [apiv2][body] GET https://firebasehosting.googleapis.com/v1beta1/projects/challenge-21021/sites {"sites":[{"name":"projects/444536179068/sites/challenge-21021","defaultUrl":"https://challenge-21021.web.app","appId":"1:444536179068:web:0f5e6b98a9ac862d017cf9","type":"DEFAULT_SITE"}]}
[debug] [2021-10-25T13:05:00.039Z] >>> [apiv2][query] GET https://firebase.googleapis.com/v1beta1/projects/challenge-21021/webApps/1:444536179068:web:0f5e6b98a9ac862d017cf9/config [none]
[debug] [2021-10-25T13:05:01.244Z] <<< [apiv2][status] GET https://firebase.googleapis.com/v1beta1/projects/challenge-21021/webApps/1:444536179068:web:0f5e6b98a9ac862d017cf9/config 200
[debug] [2021-10-25T13:05:01.244Z] <<< [apiv2][body] GET https://firebase.googleapis.com/v1beta1/projects/challenge-21021/webApps/1:444536179068:web:0f5e6b98a9ac862d017cf9/config {"projectId":"challenge-21021","appId":"1:444536179068:web:0f5e6b98a9ac862d017cf9","storageBucket":"challenge-21021.appspot.com","apiKey":"AIzaSyBvY3LU5Asy7G9Ods949G91IOU4nbxbSvU","authDomain":"challenge-21021.firebaseapp.com","messagingSenderId":"444536179068","measurementId":"G-KXJR8DT3P1"}
[info] i  hosting: Serving hosting files from: build {"metadata":{"emulator":{"name":"hosting"},"message":"Serving hosting files from: \u001b[1mbuild\u001b[22m"}}
[info] +  hosting: Local server: http://localhost:5000 {"metadata":{"emulator":{"name":"hosting"},"message":"Local server: \u001b[4m\u001b[1mhttp://localhost:5000\u001b[22m\u001b[24m"}}
[debug] [2021-10-25T13:05:01.277Z] Ignoring unsupported arg: auto_download {"metadata":{"emulator":{"name":"ui"},"message":"Ignoring unsupported arg: auto_download"}}
[debug] [2021-10-25T13:05:01.277Z] Ignoring unsupported arg: port {"metadata":{"emulator":{"name":"ui"},"message":"Ignoring unsupported arg: port"}}
[debug] [2021-10-25T13:05:01.278Z] Starting Emulator UI with command {"binary":"node","args":["C:\\Users\\Mati\\.cache\\firebase\\emulators\\ui-v1.6.4\\server.bundle.js"],"optionalArgs":[],"joinArgs":false} {"metadata":{"emulator":{"name":"ui"},"message":"Starting Emulator UI with command {\"binary\":\"node\",\"args\":[\"C:\\\\Users\\\\Mati\\\\.cache\\\\firebase\\\\emulators\\\\ui-v1.6.4\\\\server.bundle.js\"],\"optionalArgs\":[],\"joinArgs\":false}"}}
[info] i  ui: Emulator UI logging to ui-debug.log {"metadata":{"emulator":{"name":"ui"},"message":"Emulator UI logging to \u001b[1mui-debug.log\u001b[22m"}}
[debug] [2021-10-25T13:05:01.410Z] Web / API server started at localhost:4000
 {"metadata":{"emulator":{"name":"ui"},"message":"Web / API server started at localhost:4000\n"}}
[info] i  functions: Watching "C:\Users\Mati\Desktop\Amazon Clone\amazon-clone\functions" for Cloud Functions... {"metadata":{"emulator":{"name":"functions"},"message":"Watching \"C:\\Users\\Mati\\Desktop\\Amazon Clone\\amazon-clone\\functions\" for Cloud Functions..."}}
[debug] [2021-10-25T13:05:01.569Z] [worker-pool] addWorker(~diagnostic~) {"metadata":{"emulator":{"name":"functions"},"message":"[worker-pool] addWorker(~diagnostic~)"}}
[debug] [2021-10-25T13:05:01.570Z] [worker-pool] Adding worker with key ~diagnostic~, total=1 {"metadata":{"emulator":{"name":"functions"},"message":"[worker-pool] Adding worker with key ~diagnostic~, total=1"}}
[debug] [2021-10-25T13:05:01.570Z] [worker-pool] submitWork(triggerId=) {"metadata":{"emulator":{"name":"functions"},"message":"[worker-pool] submitWork(triggerId=)"}}
[debug] [2021-10-25T13:05:01.570Z] [worker-~diagnostic~-51571115-e410-4cba-8484-a3ac3a2846f9]: Assigning socketPath: \\?\pipe\C:\Users\Mati\Desktop\Amazon Clone\amazon-clone\functions\9092 {"metadata":{"emulator":{"name":"functions"},"message":"[worker-~diagnostic~-51571115-e410-4cba-8484-a3ac3a2846f9]: Assigning socketPath: \\\\?\\pipe\\C:\\Users\\Mati\\Desktop\\Amazon Clone\\amazon-clone\\functions\\9092"}}
[debug] [2021-10-25T13:05:01.571Z] [worker-~diagnostic~-51571115-e410-4cba-8484-a3ac3a2846f9]: BUSY {"metadata":{"emulator":{"name":"functions"},"message":"[worker-~diagnostic~-51571115-e410-4cba-8484-a3ac3a2846f9]: BUSY"}}
[debug] [2021-10-25T13:05:01.798Z] [runtime-status] [9092] Functions runtime initialized. {"cwd":"C:\\Users\\Mati\\Desktop\\Amazon Clone\\amazon-clone\\functions","node_version":"14.18.1"} {"metadata":{"emulator":{"name":"functions"},"message":"[runtime-status] [9092] Functions runtime initialized. {\"cwd\":\"C:\\\\Users\\\\Mati\\\\Desktop\\\\Amazon Clone\\\\amazon-clone\\\\functions\",\"node_version\":\"14.18.1\"}"}}
[debug] [2021-10-25T13:05:01.800Z] [runtime-status] [9092] Disabled runtime features: undefined {"metadata":{"emulator":{"name":"functions"},"message":"[runtime-status] [9092] Disabled runtime features: undefined"}}
[debug] [2021-10-25T13:05:01.803Z] [runtime-status] [9092] Resolved module firebase-admin {"declared":true,"installed":true,"version":"9.12.0","resolution":"C:\\Users\\Mati\\Desktop\\Amazon Clone\\amazon-clone\\functions\\node_modules\\firebase-admin\\lib\\index.js"} {"metadata":{"emulator":{"name":"functions"},"message":"[runtime-status] [9092] Resolved module firebase-admin {\"declared\":true,\"installed\":true,\"version\":\"9.12.0\",\"resolution\":\"C:\\\\Users\\\\Mati\\\\Desktop\\\\Amazon Clone\\\\amazon-clone\\\\functions\\\\node_modules\\\\firebase-admin\\\\lib\\\\index.js\"}"}}
[debug] [2021-10-25T13:05:01.807Z] [runtime-status] [9092] Resolved module firebase-functions {"declared":true,"installed":true,"version":"3.15.7","resolution":"C:\\Users\\Mati\\Desktop\\Amazon Clone\\amazon-clone\\functions\\node_modules\\firebase-functions\\lib\\index.js"} {"metadata":{"emulator":{"name":"functions"},"message":"[runtime-status] [9092] Resolved module firebase-functions {\"declared\":true,\"installed\":true,\"version\":\"3.15.7\",\"resolution\":\"C:\\\\Users\\\\Mati\\\\Desktop\\\\Amazon Clone\\\\amazon-clone\\\\functions\\\\node_modules\\\\firebase-functions\\\\lib\\\\index.js\"}"}}
[debug] [2021-10-25T13:05:01.808Z] [runtime-status] [9092] Outgoing network have been stubbed. [{"name":"http","status":"mocked"},{"name":"http","status":"mocked"},{"name":"https","status":"mocked"},{"name":"https","status":"mocked"},{"name":"net","status":"mocked"}] {"metadata":{"emulator":{"name":"functions"},"message":"[runtime-status] [9092] Outgoing network have been stubbed. [{\"name\":\"http\",\"status\":\"mocked\"},{\"name\":\"http\",\"status\":\"mocked\"},{\"name\":\"https\",\"status\":\"mocked\"},{\"name\":\"https\",\"status\":\"mocked\"},{\"name\":\"net\",\"status\":\"mocked\"}]"}}
[debug] [2021-10-25T13:05:01.810Z] [runtime-status] [9092] Resolved module firebase-functions {"declared":true,"installed":true,"version":"3.15.7","resolution":"C:\\Users\\Mati\\Desktop\\Amazon Clone\\amazon-clone\\functions\\node_modules\\firebase-functions\\lib\\index.js"} {"metadata":{"emulator":{"name":"functions"},"message":"[runtime-status] [9092] Resolved module firebase-functions {\"declared\":true,\"installed\":true,\"version\":\"3.15.7\",\"resolution\":\"C:\\\\Users\\\\Mati\\\\Desktop\\\\Amazon Clone\\\\amazon-clone\\\\functions\\\\node_modules\\\\firebase-functions\\\\lib\\\\index.js\"}"}}
[debug] [2021-10-25T13:05:01.861Z] [runtime-status] [9092] Checked functions.config() {"config":{}} {"metadata":{"emulator":{"name":"functions"},"message":"[runtime-status] [9092] Checked functions.config() {\"config\":{}}"}}
[debug] [2021-10-25T13:05:01.861Z] [runtime-status] [9092] firebase-functions has been stubbed. {"functionsResolution":{"declared":true,"installed":true,"version":"3.15.7","resolution":"C:\\Users\\Mati\\Desktop\\Amazon Clone\\amazon-clone\\functions\\node_modules\\firebase-functions\\lib\\index.js"}} {"metadata":{"emulator":{"name":"functions"},"message":"[runtime-status] [9092] firebase-functions has been stubbed. {\"functionsResolution\":{\"declared\":true,\"installed\":true,\"version\":\"3.15.7\",\"resolution\":\"C:\\\\Users\\\\Mati\\\\Desktop\\\\Amazon Clone\\\\amazon-clone\\\\functions\\\\node_modules\\\\firebase-functions\\\\lib\\\\index.js\"}}"}}
[debug] [2021-10-25T13:05:01.862Z] [runtime-status] [9092] Resolved module firebase-functions {"declared":true,"installed":true,"version":"3.15.7","resolution":"C:\\Users\\Mati\\Desktop\\Amazon Clone\\amazon-clone\\functions\\node_modules\\firebase-functions\\lib\\index.js"} {"metadata":{"emulator":{"name":"functions"},"message":"[runtime-status] [9092] Resolved module firebase-functions {\"declared\":true,\"installed\":true,\"version\":\"3.15.7\",\"resolution\":\"C:\\\\Users\\\\Mati\\\\Desktop\\\\Amazon Clone\\\\amazon-clone\\\\functions\\\\node_modules\\\\firebase-functions\\\\lib\\\\index.js\"}"}}
[debug] [2021-10-25T13:05:01.864Z] [runtime-status] [9092] Resolved module firebase-admin {"declared":true,"installed":true,"version":"9.12.0","resolution":"C:\\Users\\Mati\\Desktop\\Amazon Clone\\amazon-clone\\functions\\node_modules\\firebase-admin\\lib\\index.js"} {"metadata":{"emulator":{"name":"functions"},"message":"[runtime-status] [9092] Resolved module firebase-admin {\"declared\":true,\"installed\":true,\"version\":\"9.12.0\",\"resolution\":\"C:\\\\Users\\\\Mati\\\\Desktop\\\\Amazon Clone\\\\amazon-clone\\\\functions\\\\node_modules\\\\firebase-admin\\\\lib\\\\index.js\"}"}}
[debug] [2021-10-25T13:05:01.864Z] [runtime-status] [9092] Resolved module firebase-functions {"declared":true,"installed":true,"version":"3.15.7","resolution":"C:\\Users\\Mati\\Desktop\\Amazon Clone\\amazon-clone\\functions\\node_modules\\firebase-functions\\lib\\index.js"} {"metadata":{"emulator":{"name":"functions"},"message":"[runtime-status] [9092] Resolved module firebase-functions {\"declared\":true,\"installed\":true,\"version\":\"3.15.7\",\"resolution\":\"C:\\\\Users\\\\Mati\\\\Desktop\\\\Amazon Clone\\\\amazon-clone\\\\functions\\\\node_modules\\\\firebase-functions\\\\lib\\\\index.js\"}"}}
[debug] [2021-10-25T13:05:01.865Z] [runtime-status] [9092] firebase-admin has been stubbed. {"adminResolution":{"declared":true,"installed":true,"version":"9.12.0","resolution":"C:\\Users\\Mati\\Desktop\\Amazon Clone\\amazon-clone\\functions\\node_modules\\firebase-admin\\lib\\index.js"}} {"metadata":{"emulator":{"name":"functions"},"message":"[runtime-status] [9092] firebase-admin has been stubbed. {\"adminResolution\":{\"declared\":true,\"installed\":true,\"version\":\"9.12.0\",\"resolution\":\"C:\\\\Users\\\\Mati\\\\Desktop\\\\Amazon Clone\\\\amazon-clone\\\\functions\\\\node_modules\\\\firebase-admin\\\\lib\\\\index.js\"}}"}}
[info] +  functions[us-central1-api]: http function initialized (http://localhost:5001/challenge-21021/us-central1/api). {"metadata":{"emulator":{"name":"functions"},"message":"\u001b[1mhttp\u001b[22m function initialized (http://localhost:5001/challenge-21021/us-central1/api)."}}
[info] 
┌─────────────────────────────────────────────────────────────┐
│ ✔  All emulators ready! It is now safe to connect your app. │
│ i  View Emulator UI at http://localhost:4000                │
└─────────────────────────────────────────────────────────────┘

┌───────────┬────────────────┬─────────────────────────────────┐
│ Emulator  │ Host:Port      │ View in Emulator UI             │
├───────────┼────────────────┼─────────────────────────────────┤
│ Functions │ localhost:5001 │ http://localhost:4000/functions │
├───────────┼────────────────┼─────────────────────────────────┤
│ Hosting   │ localhost:5000 │ n/a                             │
└───────────┴────────────────┴─────────────────────────────────┘
  Emulator Hub running at localhost:4400
  Other reserved ports: 4500

Issues? Report them at https://github.com/firebase/firebase-tools/issues and attach the *-debug.log files.
 
[debug] [2021-10-25T13:05:02.053Z] [worker-~diagnostic~-51571115-e410-4cba-8484-a3ac3a2846f9]: IDLE {"metadata":{"emulator":{"name":"functions"},"message":"[worker-~diagnostic~-51571115-e410-4cba-8484-a3ac3a2846f9]: IDLE"}}
[debug] [2021-10-25T13:06:08.901Z] [work-queue] {"queueLength":1,"workRunningCount":0}
[debug] [2021-10-25T13:06:08.901Z] [work-queue] {"queueLength":0,"workRunningCount":1}
[debug] [2021-10-25T13:06:08.902Z] Accepted request GET /challenge-21021/us-central1/api --> us-central1-api
[debug] [2021-10-25T13:06:08.908Z] [worker-pool] addWorker(us-central1-api) {"metadata":{"emulator":{"name":"functions"},"message":"[worker-pool] addWorker(us-central1-api)"}}
[debug] [2021-10-25T13:06:08.908Z] [worker-pool] Adding worker with key us-central1-api, total=1 {"metadata":{"emulator":{"name":"functions"},"message":"[worker-pool] Adding worker with key us-central1-api, total=1"}}
[debug] [2021-10-25T13:06:08.909Z] [worker-pool] submitWork(triggerId=us-central1-api) {"metadata":{"emulator":{"name":"functions"},"message":"[worker-pool] submitWork(triggerId=us-central1-api)"}}
[debug] [2021-10-25T13:06:08.909Z] [worker-us-central1-api-9ad56cf7-0030-46e0-a9e0-c39ae6e70966]: Assigning socketPath: \\?\pipe\C:\Users\Mati\Desktop\Amazon Clone\amazon-clone\functions\2800 {"metadata":{"emulator":{"name":"functions"},"message":"[worker-us-central1-api-9ad56cf7-0030-46e0-a9e0-c39ae6e70966]: Assigning socketPath: \\\\?\\pipe\\C:\\Users\\Mati\\Desktop\\Amazon Clone\\amazon-clone\\functions\\2800"}}
[debug] [2021-10-25T13:06:08.909Z] [worker-us-central1-api-9ad56cf7-0030-46e0-a9e0-c39ae6e70966]: BUSY {"metadata":{"emulator":{"name":"functions"},"message":"[worker-us-central1-api-9ad56cf7-0030-46e0-a9e0-c39ae6e70966]: BUSY"}}
[debug] [2021-10-25T13:06:09.152Z] [runtime-status] [2800] Functions runtime initialized. {"cwd":"C:\\Users\\Mati\\Desktop\\Amazon Clone\\amazon-clone\\functions","node_version":"14.18.1"} {"metadata":{"emulator":{"name":"functions"},"function":{"name":"us-central1-api"},"message":"[runtime-status] [2800] Functions runtime initialized. {\"cwd\":\"C:\\\\Users\\\\Mati\\\\Desktop\\\\Amazon Clone\\\\amazon-clone\\\\functions\",\"node_version\":\"14.18.1\"}"}}
[debug] [2021-10-25T13:06:09.155Z] [runtime-status] [2800] Disabled runtime features: undefined {"metadata":{"emulator":{"name":"functions"},"function":{"name":"us-central1-api"},"message":"[runtime-status] [2800] Disabled runtime features: undefined"}}
[debug] [2021-10-25T13:06:09.160Z] [runtime-status] [2800] Resolved module firebase-admin {"declared":true,"installed":true,"version":"9.12.0","resolution":"C:\\Users\\Mati\\Desktop\\Amazon Clone\\amazon-clone\\functions\\node_modules\\firebase-admin\\lib\\index.js"} {"metadata":{"emulator":{"name":"functions"},"function":{"name":"us-central1-api"},"message":"[runtime-status] [2800] Resolved module firebase-admin {\"declared\":true,\"installed\":true,\"version\":\"9.12.0\",\"resolution\":\"C:\\\\Users\\\\Mati\\\\Desktop\\\\Amazon Clone\\\\amazon-clone\\\\functions\\\\node_modules\\\\firebase-admin\\\\lib\\\\index.js\"}"}}
[debug] [2021-10-25T13:06:09.164Z] [runtime-status] [2800] Resolved module firebase-functions {"declared":true,"installed":true,"version":"3.15.7","resolution":"C:\\Users\\Mati\\Desktop\\Amazon Clone\\amazon-clone\\functions\\node_modules\\firebase-functions\\lib\\index.js"} {"metadata":{"emulator":{"name":"functions"},"function":{"name":"us-central1-api"},"message":"[runtime-status] [2800] Resolved module firebase-functions {\"declared\":true,\"installed\":true,\"version\":\"3.15.7\",\"resolution\":\"C:\\\\Users\\\\Mati\\\\Desktop\\\\Amazon Clone\\\\amazon-clone\\\\functions\\\\node_modules\\\\firebase-functions\\\\lib\\\\index.js\"}"}}
[debug] [2021-10-25T13:06:09.166Z] [runtime-status] [2800] Outgoing network have been stubbed. [{"name":"http","status":"mocked"},{"name":"http","status":"mocked"},{"name":"https","status":"mocked"},{"name":"https","status":"mocked"},{"name":"net","status":"mocked"}] {"metadata":{"emulator":{"name":"functions"},"function":{"name":"us-central1-api"},"message":"[runtime-status] [2800] Outgoing network have been stubbed. [{\"name\":\"http\",\"status\":\"mocked\"},{\"name\":\"http\",\"status\":\"mocked\"},{\"name\":\"https\",\"status\":\"mocked\"},{\"name\":\"https\",\"status\":\"mocked\"},{\"name\":\"net\",\"status\":\"mocked\"}]"}}
[debug] [2021-10-25T13:06:09.168Z] [runtime-status] [2800] Resolved module firebase-functions {"declared":true,"installed":true,"version":"3.15.7","resolution":"C:\\Users\\Mati\\Desktop\\Amazon Clone\\amazon-clone\\functions\\node_modules\\firebase-functions\\lib\\index.js"} {"metadata":{"emulator":{"name":"functions"},"function":{"name":"us-central1-api"},"message":"[runtime-status] [2800] Resolved module firebase-functions {\"declared\":true,\"installed\":true,\"version\":\"3.15.7\",\"resolution\":\"C:\\\\Users\\\\Mati\\\\Desktop\\\\Amazon Clone\\\\amazon-clone\\\\functions\\\\node_modules\\\\firebase-functions\\\\lib\\\\index.js\"}"}}
[debug] [2021-10-25T13:06:09.226Z] [runtime-status] [2800] Checked functions.config() {"config":{}} {"metadata":{"emulator":{"name":"functions"},"function":{"name":"us-central1-api"},"message":"[runtime-status] [2800] Checked functions.config() {\"config\":{}}"}}
[debug] [2021-10-25T13:06:09.227Z] [runtime-status] [2800] firebase-functions has been stubbed. {"functionsResolution":{"declared":true,"installed":true,"version":"3.15.7","resolution":"C:\\Users\\Mati\\Desktop\\Amazon Clone\\amazon-clone\\functions\\node_modules\\firebase-functions\\lib\\index.js"}} {"metadata":{"emulator":{"name":"functions"},"function":{"name":"us-central1-api"},"message":"[runtime-status] [2800] firebase-functions has been stubbed. {\"functionsResolution\":{\"declared\":true,\"installed\":true,\"version\":\"3.15.7\",\"resolution\":\"C:\\\\Users\\\\Mati\\\\Desktop\\\\Amazon Clone\\\\amazon-clone\\\\functions\\\\node_modules\\\\firebase-functions\\\\lib\\\\index.js\"}}"}}
[debug] [2021-10-25T13:06:09.228Z] [runtime-status] [2800] Resolved module firebase-functions {"declared":true,"installed":true,"version":"3.15.7","resolution":"C:\\Users\\Mati\\Desktop\\Amazon Clone\\amazon-clone\\functions\\node_modules\\firebase-functions\\lib\\index.js"} {"metadata":{"emulator":{"name":"functions"},"function":{"name":"us-central1-api"},"message":"[runtime-status] [2800] Resolved module firebase-functions {\"declared\":true,\"installed\":true,\"version\":\"3.15.7\",\"resolution\":\"C:\\\\Users\\\\Mati\\\\Desktop\\\\Amazon Clone\\\\amazon-clone\\\\functions\\\\node_modules\\\\firebase-functions\\\\lib\\\\index.js\"}"}}
[debug] [2021-10-25T13:06:09.229Z] [runtime-status] [2800] Resolved module firebase-admin {"declared":true,"installed":true,"version":"9.12.0","resolution":"C:\\Users\\Mati\\Desktop\\Amazon Clone\\amazon-clone\\functions\\node_modules\\firebase-admin\\lib\\index.js"} {"metadata":{"emulator":{"name":"functions"},"function":{"name":"us-central1-api"},"message":"[runtime-status] [2800] Resolved module firebase-admin {\"declared\":true,\"installed\":true,\"version\":\"9.12.0\",\"resolution\":\"C:\\\\Users\\\\Mati\\\\Desktop\\\\Amazon Clone\\\\amazon-clone\\\\functions\\\\node_modules\\\\firebase-admin\\\\lib\\\\index.js\"}"}}
[debug] [2021-10-25T13:06:09.230Z] [runtime-status] [2800] Resolved module firebase-functions {"declared":true,"installed":true,"version":"3.15.7","resolution":"C:\\Users\\Mati\\Desktop\\Amazon Clone\\amazon-clone\\functions\\node_modules\\firebase-functions\\lib\\index.js"} {"metadata":{"emulator":{"name":"functions"},"function":{"name":"us-central1-api"},"message":"[runtime-status] [2800] Resolved module firebase-functions {\"declared\":true,\"installed\":true,\"version\":\"3.15.7\",\"resolution\":\"C:\\\\Users\\\\Mati\\\\Desktop\\\\Amazon Clone\\\\amazon-clone\\\\functions\\\\node_modules\\\\firebase-functions\\\\lib\\\\index.js\"}"}}
[debug] [2021-10-25T13:06:09.231Z] [runtime-status] [2800] firebase-admin has been stubbed. {"adminResolution":{"declared":true,"installed":true,"version":"9.12.0","resolution":"C:\\Users\\Mati\\Desktop\\Amazon Clone\\amazon-clone\\functions\\node_modules\\firebase-admin\\lib\\index.js"}} {"metadata":{"emulator":{"name":"functions"},"function":{"name":"us-central1-api"},"message":"[runtime-status] [2800] firebase-admin has been stubbed. {\"adminResolution\":{\"declared\":true,\"installed\":true,\"version\":\"9.12.0\",\"resolution\":\"C:\\\\Users\\\\Mati\\\\Desktop\\\\Amazon Clone\\\\amazon-clone\\\\functions\\\\node_modules\\\\firebase-admin\\\\lib\\\\index.js\"}}"}}
[debug] [2021-10-25T13:06:09.423Z] [runtime-status] [2800] Trigger "us-central1-api" has been found, beginning invocation! {"metadata":{"emulator":{"name":"functions"},"function":{"name":"us-central1-api"},"message":"[runtime-status] [2800] Trigger \"us-central1-api\" has been found, beginning invocation!"}}
[info] i  functions: Beginning execution of "us-central1-api" {"metadata":{"emulator":{"name":"functions"},"function":{"name":"us-central1-api"},"message":"Beginning execution of \"us-central1-api\""}}
[debug] [2021-10-25T13:06:09.425Z] [runtime-status] [2800] triggerDefinition {"httpsTrigger":{},"name":"api","entryPoint":"api","regions":["us-central1"],"region":"us-central1","id":"us-central1-api"} {"metadata":{"emulator":{"name":"functions"},"function":{"name":"us-central1-api"},"message":"[runtime-status] [2800] triggerDefinition {\"httpsTrigger\":{},\"name\":\"api\",\"entryPoint\":\"api\",\"regions\":[\"us-central1\"],\"region\":\"us-central1\",\"id\":\"us-central1-api\"}"}}
[debug] [2021-10-25T13:06:09.426Z] [runtime-status] [2800] Running us-central1-api in signature http {"metadata":{"emulator":{"name":"functions"},"function":{"name":"us-central1-api"},"message":"[runtime-status] [2800] Running us-central1-api in signature http"}}
[debug] [2021-10-25T13:06:09.431Z] [runtime-status] [2800] Attempting to listen to socketPath: \\?\pipe\C:\Users\Mati\Desktop\Amazon Clone\amazon-clone\functions\2800 {"metadata":{"emulator":{"name":"functions"},"function":{"name":"us-central1-api"},"message":"[runtime-status] [2800] Attempting to listen to socketPath: \\\\?\\pipe\\C:\\Users\\Mati\\Desktop\\Amazon Clone\\amazon-clone\\functions\\2800"}}
[debug] [2021-10-25T13:06:09.436Z] [functions] Runtime ready! Sending request! {"metadata":{"emulator":{"name":"functions"},"message":"[functions] Runtime ready! Sending request!"}}
[debug] [2021-10-25T13:06:09.437Z] [functions] Got req.url=/challenge-21021/us-central1/api, mapping to path=/ {"metadata":{"emulator":{"name":"functions"},"message":"[functions] Got req.url=/challenge-21021/us-central1/api, mapping to path=/"}}
[debug] [2021-10-25T13:06:09.448Z] [runtime-status] [2800] Ephemeral server handling GET request {"metadata":{"emulator":{"name":"functions"},"function":{"name":"us-central1-api"},"message":"[runtime-status] [2800] Ephemeral server handling GET request"}}
[debug] [2021-10-25T13:06:09.452Z] [runtime-status] [2800] Ephemeral server survived. {"metadata":{"emulator":{"name":"functions"},"function":{"name":"us-central1-api"},"message":"[runtime-status] [2800] Ephemeral server survived."}}
[info] >  ReferenceError: res is not defined {"user":"ReferenceError: res is not defined","metadata":{"emulator":{"name":"functions"},"function":{"name":"us-central1-api"},"message":"\u001b[90m> \u001b[39m ReferenceError: res is not defined"}}
[info] >      at C:\Users\Mati\Desktop\Amazon Clone\amazon-clone\functions\index.js:19:53 {"user":"    at C:\\Users\\Mati\\Desktop\\Amazon Clone\\amazon-clone\\functions\\index.js:19:53","metadata":{"emulator":{"name":"functions"},"function":{"name":"us-central1-api"},"message":"\u001b[90m> \u001b[39m     at C:\\Users\\Mati\\Desktop\\Amazon Clone\\amazon-clone\\functions\\index.js:19:53"}}
[info] >      at Layer.handle [as handle_request] (C:\Users\Mati\Desktop\Amazon Clone\amazon-clone\functions\node_modules\express\lib\router\layer.js:95:5) {"user":"    at Layer.handle [as handle_request] (C:\\Users\\Mati\\Desktop\\Amazon Clone\\amazon-clone\\functions\\node_modules\\express\\lib\\router\\layer.js:95:5)","metadata":{"emulator":{"name":"functions"},"function":{"name":"us-central1-api"},"message":"\u001b[90m> \u001b[39m     at Layer.handle [as handle_request] (C:\\Users\\Mati\\Desktop\\Amazon Clone\\amazon-clone\\functions\\node_modules\\express\\lib\\router\\layer.js:95:5)"}}
[info] >      at next (C:\Users\Mati\Desktop\Amazon Clone\amazon-clone\functions\node_modules\express\lib\router\route.js:137:13) {"user":"    at next (C:\\Users\\Mati\\Desktop\\Amazon Clone\\amazon-clone\\functions\\node_modules\\express\\lib\\router\\route.js:137:13)","metadata":{"emulator":{"name":"functions"},"function":{"name":"us-central1-api"},"message":"\u001b[90m> \u001b[39m     at next (C:\\Users\\Mati\\Desktop\\Amazon Clone\\amazon-clone\\functions\\node_modules\\express\\lib\\router\\route.js:137:13)"}}
[info] >      at Route.dispatch (C:\Users\Mati\Desktop\Amazon Clone\amazon-clone\functions\node_modules\express\lib\router\route.js:112:3) {"user":"    at Route.dispatch (C:\\Users\\Mati\\Desktop\\Amazon Clone\\amazon-clone\\functions\\node_modules\\express\\lib\\router\\route.js:112:3)","metadata":{"emulator":{"name":"functions"},"function":{"name":"us-central1-api"},"message":"\u001b[90m> \u001b[39m     at Route.dispatch (C:\\Users\\Mati\\Desktop\\Amazon Clone\\amazon-clone\\functions\\node_modules\\express\\lib\\router\\route.js:112:3)"}}
[info] >      at Layer.handle [as handle_request] (C:\Users\Mati\Desktop\Amazon Clone\amazon-clone\functions\node_modules\express\lib\router\layer.js:95:5) {"user":"    at Layer.handle [as handle_request] (C:\\Users\\Mati\\Desktop\\Amazon Clone\\amazon-clone\\functions\\node_modules\\express\\lib\\router\\layer.js:95:5)","metadata":{"emulator":{"name":"functions"},"function":{"name":"us-central1-api"},"message":"\u001b[90m> \u001b[39m     at Layer.handle [as handle_request] (C:\\Users\\Mati\\Desktop\\Amazon Clone\\amazon-clone\\functions\\node_modules\\express\\lib\\router\\layer.js:95:5)"}}
[info] >      at C:\Users\Mati\Desktop\Amazon Clone\amazon-clone\functions\node_modules\express\lib\router\index.js:281:22 {"user":"    at C:\\Users\\Mati\\Desktop\\Amazon Clone\\amazon-clone\\functions\\node_modules\\express\\lib\\router\\index.js:281:22","metadata":{"emulator":{"name":"functions"},"function":{"name":"us-central1-api"},"message":"\u001b[90m> \u001b[39m     at C:\\Users\\Mati\\Desktop\\Amazon Clone\\amazon-clone\\functions\\node_modules\\express\\lib\\router\\index.js:281:22"}}
[info] >      at Function.process_params (C:\Users\Mati\Desktop\Amazon Clone\amazon-clone\functions\node_modules\express\lib\router\index.js:335:12) {"user":"    at Function.process_params (C:\\Users\\Mati\\Desktop\\Amazon Clone\\amazon-clone\\functions\\node_modules\\express\\lib\\router\\index.js:335:12)","metadata":{"emulator":{"name":"functions"},"function":{"name":"us-central1-api"},"message":"\u001b[90m> \u001b[39m     at Function.process_params (C:\\Users\\Mati\\Desktop\\Amazon Clone\\amazon-clone\\functions\\node_modules\\express\\lib\\router\\index.js:335:12)"}}
[info] >      at next (C:\Users\Mati\Desktop\Amazon Clone\amazon-clone\functions\node_modules\express\lib\router\index.js:275:10) {"user":"    at next (C:\\Users\\Mati\\Desktop\\Amazon Clone\\amazon-clone\\functions\\node_modules\\express\\lib\\router\\index.js:275:10)","metadata":{"emulator":{"name":"functions"},"function":{"name":"us-central1-api"},"message":"\u001b[90m> \u001b[39m     at next (C:\\Users\\Mati\\Desktop\\Amazon Clone\\amazon-clone\\functions\\node_modules\\express\\lib\\router\\index.js:275:10)"}}
[info] >      at jsonParser (C:\Users\Mati\Desktop\Amazon Clone\amazon-clone\functions\node_modules\body-parser\lib\types\json.js:110:7) {"user":"    at jsonParser (C:\\Users\\Mati\\Desktop\\Amazon Clone\\amazon-clone\\functions\\node_modules\\body-parser\\lib\\types\\json.js:110:7)","metadata":{"emulator":{"name":"functions"},"function":{"name":"us-central1-api"},"message":"\u001b[90m> \u001b[39m     at jsonParser (C:\\Users\\Mati\\Desktop\\Amazon Clone\\amazon-clone\\functions\\node_modules\\body-parser\\lib\\types\\json.js:110:7)"}}
[info] >      at Layer.handle [as handle_request] (C:\Users\Mati\Desktop\Amazon Clone\amazon-clone\functions\node_modules\express\lib\router\layer.js:95:5) {"user":"    at Layer.handle [as handle_request] (C:\\Users\\Mati\\Desktop\\Amazon Clone\\amazon-clone\\functions\\node_modules\\express\\lib\\router\\layer.js:95:5)","metadata":{"emulator":{"name":"functions"},"function":{"name":"us-central1-api"},"message":"\u001b[90m> \u001b[39m     at Layer.handle [as handle_request] (C:\\Users\\Mati\\Desktop\\Amazon Clone\\amazon-clone\\functions\\node_modules\\express\\lib\\router\\layer.js:95:5)"}}
[info] i  functions: Finished "us-central1-api" in ~1s {"metadata":{"emulator":{"name":"functions"},"function":{"name":"us-central1-api"},"message":"Finished \"us-central1-api\" in ~1s"}}
[debug] [2021-10-25T13:06:09.486Z] [worker-us-central1-api-9ad56cf7-0030-46e0-a9e0-c39ae6e70966]: IDLE {"metadata":{"emulator":{"name":"functions"},"message":"[worker-us-central1-api-9ad56cf7-0030-46e0-a9e0-c39ae6e70966]: IDLE"}}
[debug] [2021-10-25T13:06:09.486Z] [work-queue] {"queueLength":0,"workRunningCount":0}
[debug] [2021-10-25T13:06:56.293Z] File C:\Users\Mati\Desktop\Amazon Clone\amazon-clone\functions\index.js changed, reloading triggers {"metadata":{"emulator":{"name":"functions"},"message":"File C:\\Users\\Mati\\Desktop\\Amazon Clone\\amazon-clone\\functions\\index.js changed, reloading triggers"}}
[debug] [2021-10-25T13:06:57.300Z] [worker-pool] Shutting down IDLE worker (~diagnostic~) {"metadata":{"emulator":{"name":"functions"},"message":"[worker-pool] Shutting down IDLE worker (~diagnostic~)"}}
[debug] [2021-10-25T13:06:57.300Z] [worker-~diagnostic~-51571115-e410-4cba-8484-a3ac3a2846f9]: FINISHING {"metadata":{"emulator":{"name":"functions"},"message":"[worker-~diagnostic~-51571115-e410-4cba-8484-a3ac3a2846f9]: FINISHING"}}
[debug] [2021-10-25T13:06:57.301Z] [worker-pool] Shutting down IDLE worker (us-central1-api) {"metadata":{"emulator":{"name":"functions"},"message":"[worker-pool] Shutting down IDLE worker (us-central1-api)"}}
[debug] [2021-10-25T13:06:57.301Z] [worker-us-central1-api-9ad56cf7-0030-46e0-a9e0-c39ae6e70966]: FINISHING {"metadata":{"emulator":{"name":"functions"},"message":"[worker-us-central1-api-9ad56cf7-0030-46e0-a9e0-c39ae6e70966]: FINISHING"}}
[debug] [2021-10-25T13:06:57.312Z] [worker-pool] addWorker(~diagnostic~) {"metadata":{"emulator":{"name":"functions"},"message":"[worker-pool] addWorker(~diagnostic~)"}}
[debug] [2021-10-25T13:06:57.313Z] [worker-pool] Adding worker with key ~diagnostic~, total=2 {"metadata":{"emulator":{"name":"functions"},"message":"[worker-pool] Adding worker with key ~diagnostic~, total=2"}}
[debug] [2021-10-25T13:06:57.313Z] [worker-pool] submitWork(triggerId=) {"metadata":{"emulator":{"name":"functions"},"message":"[worker-pool] submitWork(triggerId=)"}}
[debug] [2021-10-25T13:06:57.313Z] [worker-~diagnostic~-9fc51571-dacc-49f7-8ada-69a586250faa]: Assigning socketPath: \\?\pipe\C:\Users\Mati\Desktop\Amazon Clone\amazon-clone\functions\3744 {"metadata":{"emulator":{"name":"functions"},"message":"[worker-~diagnostic~-9fc51571-dacc-49f7-8ada-69a586250faa]: Assigning socketPath: \\\\?\\pipe\\C:\\Users\\Mati\\Desktop\\Amazon Clone\\amazon-clone\\functions\\3744"}}
[debug] [2021-10-25T13:06:57.313Z] [worker-~diagnostic~-9fc51571-dacc-49f7-8ada-69a586250faa]: BUSY {"metadata":{"emulator":{"name":"functions"},"message":"[worker-~diagnostic~-9fc51571-dacc-49f7-8ada-69a586250faa]: BUSY"}}
[debug] [2021-10-25T13:06:57.316Z] [worker-~diagnostic~-51571115-e410-4cba-8484-a3ac3a2846f9]: exited {"metadata":{"emulator":{"name":"functions"},"message":"[worker-~diagnostic~-51571115-e410-4cba-8484-a3ac3a2846f9]: exited"}}
[debug] [2021-10-25T13:06:57.316Z] [worker-~diagnostic~-51571115-e410-4cba-8484-a3ac3a2846f9]: FINISHED {"metadata":{"emulator":{"name":"functions"},"message":"[worker-~diagnostic~-51571115-e410-4cba-8484-a3ac3a2846f9]: FINISHED"}}
[debug] [2021-10-25T13:06:57.325Z] [worker-us-central1-api-9ad56cf7-0030-46e0-a9e0-c39ae6e70966]: exited {"metadata":{"emulator":{"name":"functions"},"message":"[worker-us-central1-api-9ad56cf7-0030-46e0-a9e0-c39ae6e70966]: exited"}}
[debug] [2021-10-25T13:06:57.325Z] [worker-us-central1-api-9ad56cf7-0030-46e0-a9e0-c39ae6e70966]: FINISHED {"metadata":{"emulator":{"name":"functions"},"message":"[worker-us-central1-api-9ad56cf7-0030-46e0-a9e0-c39ae6e70966]: FINISHED"}}
[debug] [2021-10-25T13:06:57.744Z] [runtime-status] [3744] Functions runtime initialized. {"cwd":"C:\\Users\\Mati\\Desktop\\Amazon Clone\\amazon-clone\\functions","node_version":"14.18.1"} {"metadata":{"emulator":{"name":"functions"},"message":"[runtime-status] [3744] Functions runtime initialized. {\"cwd\":\"C:\\\\Users\\\\Mati\\\\Desktop\\\\Amazon Clone\\\\amazon-clone\\\\functions\",\"node_version\":\"14.18.1\"}"}}
[debug] [2021-10-25T13:06:57.748Z] [runtime-status] [3744] Disabled runtime features: undefined {"metadata":{"emulator":{"name":"functions"},"message":"[runtime-status] [3744] Disabled runtime features: undefined"}}
[debug] [2021-10-25T13:06:57.754Z] [runtime-status] [3744] Resolved module firebase-admin {"declared":true,"installed":true,"version":"9.12.0","resolution":"C:\\Users\\Mati\\Desktop\\Amazon Clone\\amazon-clone\\functions\\node_modules\\firebase-admin\\lib\\index.js"} {"metadata":{"emulator":{"name":"functions"},"message":"[runtime-status] [3744] Resolved module firebase-admin {\"declared\":true,\"installed\":true,\"version\":\"9.12.0\",\"resolution\":\"C:\\\\Users\\\\Mati\\\\Desktop\\\\Amazon Clone\\\\amazon-clone\\\\functions\\\\node_modules\\\\firebase-admin\\\\lib\\\\index.js\"}"}}
[debug] [2021-10-25T13:06:57.760Z] [runtime-status] [3744] Resolved module firebase-functions {"declared":true,"installed":true,"version":"3.15.7","resolution":"C:\\Users\\Mati\\Desktop\\Amazon Clone\\amazon-clone\\functions\\node_modules\\firebase-functions\\lib\\index.js"} {"metadata":{"emulator":{"name":"functions"},"message":"[runtime-status] [3744] Resolved module firebase-functions {\"declared\":true,\"installed\":true,\"version\":\"3.15.7\",\"resolution\":\"C:\\\\Users\\\\Mati\\\\Desktop\\\\Amazon Clone\\\\amazon-clone\\\\functions\\\\node_modules\\\\firebase-functions\\\\lib\\\\index.js\"}"}}
[debug] [2021-10-25T13:06:57.763Z] [runtime-status] [3744] Outgoing network have been stubbed. [{"name":"http","status":"mocked"},{"name":"http","status":"mocked"},{"name":"https","status":"mocked"},{"name":"https","status":"mocked"},{"name":"net","status":"mocked"}] {"metadata":{"emulator":{"name":"functions"},"message":"[runtime-status] [3744] Outgoing network have been stubbed. [{\"name\":\"http\",\"status\":\"mocked\"},{\"name\":\"http\",\"status\":\"mocked\"},{\"name\":\"https\",\"status\":\"mocked\"},{\"name\":\"https\",\"status\":\"mocked\"},{\"name\":\"net\",\"status\":\"mocked\"}]"}}
[debug] [2021-10-25T13:06:57.765Z] [runtime-status] [3744] Resolved module firebase-functions {"declared":true,"installed":true,"version":"3.15.7","resolution":"C:\\Users\\Mati\\Desktop\\Amazon Clone\\amazon-clone\\functions\\node_modules\\firebase-functions\\lib\\index.js"} {"metadata":{"emulator":{"name":"functions"},"message":"[runtime-status] [3744] Resolved module firebase-functions {\"declared\":true,\"installed\":true,\"version\":\"3.15.7\",\"resolution\":\"C:\\\\Users\\\\Mati\\\\Desktop\\\\Amazon Clone\\\\amazon-clone\\\\functions\\\\node_modules\\\\firebase-functions\\\\lib\\\\index.js\"}"}}
[debug] [2021-10-25T13:06:57.837Z] [runtime-status] [3744] Checked functions.config() {"config":{}} {"metadata":{"emulator":{"name":"functions"},"message":"[runtime-status] [3744] Checked functions.config() {\"config\":{}}"}}
[debug] [2021-10-25T13:06:57.838Z] [runtime-status] [3744] firebase-functions has been stubbed. {"functionsResolution":{"declared":true,"installed":true,"version":"3.15.7","resolution":"C:\\Users\\Mati\\Desktop\\Amazon Clone\\amazon-clone\\functions\\node_modules\\firebase-functions\\lib\\index.js"}} {"metadata":{"emulator":{"name":"functions"},"message":"[runtime-status] [3744] firebase-functions has been stubbed. {\"functionsResolution\":{\"declared\":true,\"installed\":true,\"version\":\"3.15.7\",\"resolution\":\"C:\\\\Users\\\\Mati\\\\Desktop\\\\Amazon Clone\\\\amazon-clone\\\\functions\\\\node_modules\\\\firebase-functions\\\\lib\\\\index.js\"}}"}}
[debug] [2021-10-25T13:06:57.839Z] [runtime-status] [3744] Resolved module firebase-functions {"declared":true,"installed":true,"version":"3.15.7","resolution":"C:\\Users\\Mati\\Desktop\\Amazon Clone\\amazon-clone\\functions\\node_modules\\firebase-functions\\lib\\index.js"} {"metadata":{"emulator":{"name":"functions"},"message":"[runtime-status] [3744] Resolved module firebase-functions {\"declared\":true,\"installed\":true,\"version\":\"3.15.7\",\"resolution\":\"C:\\\\Users\\\\Mati\\\\Desktop\\\\Amazon Clone\\\\amazon-clone\\\\functions\\\\node_modules\\\\firebase-functions\\\\lib\\\\index.js\"}"}}
[debug] [2021-10-25T13:06:57.841Z] [runtime-status] [3744] Resolved module firebase-admin {"declared":true,"installed":true,"version":"9.12.0","resolution":"C:\\Users\\Mati\\Desktop\\Amazon Clone\\amazon-clone\\functions\\node_modules\\firebase-admin\\lib\\index.js"} {"metadata":{"emulator":{"name":"functions"},"message":"[runtime-status] [3744] Resolved module firebase-admin {\"declared\":true,\"installed\":true,\"version\":\"9.12.0\",\"resolution\":\"C:\\\\Users\\\\Mati\\\\Desktop\\\\Amazon Clone\\\\amazon-clone\\\\functions\\\\node_modules\\\\firebase-admin\\\\lib\\\\index.js\"}"}}
[debug] [2021-10-25T13:06:57.842Z] [runtime-status] [3744] Resolved module firebase-functions {"declared":true,"installed":true,"version":"3.15.7","resolution":"C:\\Users\\Mati\\Desktop\\Amazon Clone\\amazon-clone\\functions\\node_modules\\firebase-functions\\lib\\index.js"} {"metadata":{"emulator":{"name":"functions"},"message":"[runtime-status] [3744] Resolved module firebase-functions {\"declared\":true,\"installed\":true,\"version\":\"3.15.7\",\"resolution\":\"C:\\\\Users\\\\Mati\\\\Desktop\\\\Amazon Clone\\\\amazon-clone\\\\functions\\\\node_modules\\\\firebase-functions\\\\lib\\\\index.js\"}"}}
[debug] [2021-10-25T13:06:57.843Z] [runtime-status] [3744] firebase-admin has been stubbed. {"adminResolution":{"declared":true,"installed":true,"version":"9.12.0","resolution":"C:\\Users\\Mati\\Desktop\\Amazon Clone\\amazon-clone\\functions\\node_modules\\firebase-admin\\lib\\index.js"}} {"metadata":{"emulator":{"name":"functions"},"message":"[runtime-status] [3744] firebase-admin has been stubbed. {\"adminResolution\":{\"declared\":true,\"installed\":true,\"version\":\"9.12.0\",\"resolution\":\"C:\\\\Users\\\\Mati\\\\Desktop\\\\Amazon Clone\\\\amazon-clone\\\\functions\\\\node_modules\\\\firebase-admin\\\\lib\\\\index.js\"}}"}}
[debug] [2021-10-25T13:06:58.103Z] [worker-~diagnostic~-9fc51571-dacc-49f7-8ada-69a586250faa]: IDLE {"metadata":{"emulator":{"name":"functions"},"message":"[worker-~diagnostic~-9fc51571-dacc-49f7-8ada-69a586250faa]: IDLE"}}
[debug] [2021-10-25T13:06:58.336Z] File C:\Users\Mati\Desktop\Amazon Clone\amazon-clone\functions\index.js changed, reloading triggers {"metadata":{"emulator":{"name":"functions"},"message":"File C:\\Users\\Mati\\Desktop\\Amazon Clone\\amazon-clone\\functions\\index.js changed, reloading triggers"}}
[debug] [2021-10-25T13:06:59.344Z] [worker-pool] Shutting down IDLE worker (~diagnostic~) {"metadata":{"emulator":{"name":"functions"},"message":"[worker-pool] Shutting down IDLE worker (~diagnostic~)"}}
[debug] [2021-10-25T13:06:59.345Z] [worker-~diagnostic~-9fc51571-dacc-49f7-8ada-69a586250faa]: FINISHING {"metadata":{"emulator":{"name":"functions"},"message":"[worker-~diagnostic~-9fc51571-dacc-49f7-8ada-69a586250faa]: FINISHING"}}
[debug] [2021-10-25T13:06:59.345Z] [worker-pool] Cleaned up workers for ~diagnostic~: 2 --> 1 {"metadata":{"emulator":{"name":"functions"},"message":"[worker-pool] Cleaned up workers for ~diagnostic~: 2 --> 1"}}
[debug] [2021-10-25T13:06:59.345Z] [worker-pool] Cleaned up workers for us-central1-api: 1 --> 0 {"metadata":{"emulator":{"name":"functions"},"message":"[worker-pool] Cleaned up workers for us-central1-api: 1 --> 0"}}
[debug] [2021-10-25T13:06:59.352Z] [worker-pool] addWorker(~diagnostic~) {"metadata":{"emulator":{"name":"functions"},"message":"[worker-pool] addWorker(~diagnostic~)"}}
[debug] [2021-10-25T13:06:59.352Z] [worker-pool] Adding worker with key ~diagnostic~, total=2 {"metadata":{"emulator":{"name":"functions"},"message":"[worker-pool] Adding worker with key ~diagnostic~, total=2"}}
[debug] [2021-10-25T13:06:59.352Z] [worker-pool] submitWork(triggerId=) {"metadata":{"emulator":{"name":"functions"},"message":"[worker-pool] submitWork(triggerId=)"}}
[debug] [2021-10-25T13:06:59.353Z] [worker-~diagnostic~-731c886b-f745-450f-a6c4-53abbfc01f25]: Assigning socketPath: \\?\pipe\C:\Users\Mati\Desktop\Amazon Clone\amazon-clone\functions\3224 {"metadata":{"emulator":{"name":"functions"},"message":"[worker-~diagnostic~-731c886b-f745-450f-a6c4-53abbfc01f25]: Assigning socketPath: \\\\?\\pipe\\C:\\Users\\Mati\\Desktop\\Amazon Clone\\amazon-clone\\functions\\3224"}}
[debug] [2021-10-25T13:06:59.353Z] [worker-~diagnostic~-731c886b-f745-450f-a6c4-53abbfc01f25]: BUSY {"metadata":{"emulator":{"name":"functions"},"message":"[worker-~diagnostic~-731c886b-f745-450f-a6c4-53abbfc01f25]: BUSY"}}
[debug] [2021-10-25T13:06:59.354Z] [worker-~diagnostic~-9fc51571-dacc-49f7-8ada-69a586250faa]: exited {"metadata":{"emulator":{"name":"functions"},"message":"[worker-~diagnostic~-9fc51571-dacc-49f7-8ada-69a586250faa]: exited"}}
[debug] [2021-10-25T13:06:59.354Z] [worker-~diagnostic~-9fc51571-dacc-49f7-8ada-69a586250faa]: FINISHED {"metadata":{"emulator":{"name":"functions"},"message":"[worker-~diagnostic~-9fc51571-dacc-49f7-8ada-69a586250faa]: FINISHED"}}
[debug] [2021-10-25T13:06:59.610Z] [runtime-status] [3224] Functions runtime initialized. {"cwd":"C:\\Users\\Mati\\Desktop\\Amazon Clone\\amazon-clone\\functions","node_version":"14.18.1"} {"metadata":{"emulator":{"name":"functions"},"message":"[runtime-status] [3224] Functions runtime initialized. {\"cwd\":\"C:\\\\Users\\\\Mati\\\\Desktop\\\\Amazon Clone\\\\amazon-clone\\\\functions\",\"node_version\":\"14.18.1\"}"}}
[debug] [2021-10-25T13:06:59.614Z] [runtime-status] [3224] Disabled runtime features: undefined {"metadata":{"emulator":{"name":"functions"},"message":"[runtime-status] [3224] Disabled runtime features: undefined"}}
[debug] [2021-10-25T13:06:59.619Z] [runtime-status] [3224] Resolved module firebase-admin {"declared":true,"installed":true,"version":"9.12.0","resolution":"C:\\Users\\Mati\\Desktop\\Amazon Clone\\amazon-clone\\functions\\node_modules\\firebase-admin\\lib\\index.js"} {"metadata":{"emulator":{"name":"functions"},"message":"[runtime-status] [3224] Resolved module firebase-admin {\"declared\":true,\"installed\":true,\"version\":\"9.12.0\",\"resolution\":\"C:\\\\Users\\\\Mati\\\\Desktop\\\\Amazon Clone\\\\amazon-clone\\\\functions\\\\node_modules\\\\firebase-admin\\\\lib\\\\index.js\"}"}}
[debug] [2021-10-25T13:06:59.623Z] [runtime-status] [3224] Resolved module firebase-functions {"declared":true,"installed":true,"version":"3.15.7","resolution":"C:\\Users\\Mati\\Desktop\\Amazon Clone\\amazon-clone\\functions\\node_modules\\firebase-functions\\lib\\index.js"} {"metadata":{"emulator":{"name":"functions"},"message":"[runtime-status] [3224] Resolved module firebase-functions {\"declared\":true,\"installed\":true,\"version\":\"3.15.7\",\"resolution\":\"C:\\\\Users\\\\Mati\\\\Desktop\\\\Amazon Clone\\\\amazon-clone\\\\functions\\\\node_modules\\\\firebase-functions\\\\lib\\\\index.js\"}"}}
[debug] [2021-10-25T13:06:59.625Z] [runtime-status] [3224] Outgoing network have been stubbed. [{"name":"http","status":"mocked"},{"name":"http","status":"mocked"},{"name":"https","status":"mocked"},{"name":"https","status":"mocked"},{"name":"net","status":"mocked"}] {"metadata":{"emulator":{"name":"functions"},"message":"[runtime-status] [3224] Outgoing network have been stubbed. [{\"name\":\"http\",\"status\":\"mocked\"},{\"name\":\"http\",\"status\":\"mocked\"},{\"name\":\"https\",\"status\":\"mocked\"},{\"name\":\"https\",\"status\":\"mocked\"},{\"name\":\"net\",\"status\":\"mocked\"}]"}}
[debug] [2021-10-25T13:06:59.627Z] [runtime-status] [3224] Resolved module firebase-functions {"declared":true,"installed":true,"version":"3.15.7","resolution":"C:\\Users\\Mati\\Desktop\\Amazon Clone\\amazon-clone\\functions\\node_modules\\firebase-functions\\lib\\index.js"} {"metadata":{"emulator":{"name":"functions"},"message":"[runtime-status] [3224] Resolved module firebase-functions {\"declared\":true,\"installed\":true,\"version\":\"3.15.7\",\"resolution\":\"C:\\\\Users\\\\Mati\\\\Desktop\\\\Amazon Clone\\\\amazon-clone\\\\functions\\\\node_modules\\\\firebase-functions\\\\lib\\\\index.js\"}"}}
[debug] [2021-10-25T13:06:59.687Z] [runtime-status] [3224] Checked functions.config() {"config":{}} {"metadata":{"emulator":{"name":"functions"},"message":"[runtime-status] [3224] Checked functions.config() {\"config\":{}}"}}
[debug] [2021-10-25T13:06:59.688Z] [runtime-status] [3224] firebase-functions has been stubbed. {"functionsResolution":{"declared":true,"installed":true,"version":"3.15.7","resolution":"C:\\Users\\Mati\\Desktop\\Amazon Clone\\amazon-clone\\functions\\node_modules\\firebase-functions\\lib\\index.js"}} {"metadata":{"emulator":{"name":"functions"},"message":"[runtime-status] [3224] firebase-functions has been stubbed. {\"functionsResolution\":{\"declared\":true,\"installed\":true,\"version\":\"3.15.7\",\"resolution\":\"C:\\\\Users\\\\Mati\\\\Desktop\\\\Amazon Clone\\\\amazon-clone\\\\functions\\\\node_modules\\\\firebase-functions\\\\lib\\\\index.js\"}}"}}
[debug] [2021-10-25T13:06:59.689Z] [runtime-status] [3224] Resolved module firebase-functions {"declared":true,"installed":true,"version":"3.15.7","resolution":"C:\\Users\\Mati\\Desktop\\Amazon Clone\\amazon-clone\\functions\\node_modules\\firebase-functions\\lib\\index.js"} {"metadata":{"emulator":{"name":"functions"},"message":"[runtime-status] [3224] Resolved module firebase-functions {\"declared\":true,\"installed\":true,\"version\":\"3.15.7\",\"resolution\":\"C:\\\\Users\\\\Mati\\\\Desktop\\\\Amazon Clone\\\\amazon-clone\\\\functions\\\\node_modules\\\\firebase-functions\\\\lib\\\\index.js\"}"}}
[debug] [2021-10-25T13:06:59.690Z] [runtime-status] [3224] Resolved module firebase-admin {"declared":true,"installed":true,"version":"9.12.0","resolution":"C:\\Users\\Mati\\Desktop\\Amazon Clone\\amazon-clone\\functions\\node_modules\\firebase-admin\\lib\\index.js"} {"metadata":{"emulator":{"name":"functions"},"message":"[runtime-status] [3224] Resolved module firebase-admin {\"declared\":true,\"installed\":true,\"version\":\"9.12.0\",\"resolution\":\"C:\\\\Users\\\\Mati\\\\Desktop\\\\Amazon Clone\\\\amazon-clone\\\\functions\\\\node_modules\\\\firebase-admin\\\\lib\\\\index.js\"}"}}
[debug] [2021-10-25T13:06:59.693Z] [runtime-status] [3224] Resolved module firebase-functions {"declared":true,"installed":true,"version":"3.15.7","resolution":"C:\\Users\\Mati\\Desktop\\Amazon Clone\\amazon-clone\\functions\\node_modules\\firebase-functions\\lib\\index.js"} {"metadata":{"emulator":{"name":"functions"},"message":"[runtime-status] [3224] Resolved module firebase-functions {\"declared\":true,\"installed\":true,\"version\":\"3.15.7\",\"resolution\":\"C:\\\\Users\\\\Mati\\\\Desktop\\\\Amazon Clone\\\\amazon-clone\\\\functions\\\\node_modules\\\\firebase-functions\\\\lib\\\\index.js\"}"}}
[debug] [2021-10-25T13:06:59.694Z] [runtime-status] [3224] firebase-admin has been stubbed. {"adminResolution":{"declared":true,"installed":true,"version":"9.12.0","resolution":"C:\\Users\\Mati\\Desktop\\Amazon Clone\\amazon-clone\\functions\\node_modules\\firebase-admin\\lib\\index.js"}} {"metadata":{"emulator":{"name":"functions"},"message":"[runtime-status] [3224] firebase-admin has been stubbed. {\"adminResolution\":{\"declared\":true,\"installed\":true,\"version\":\"9.12.0\",\"resolution\":\"C:\\\\Users\\\\Mati\\\\Desktop\\\\Amazon Clone\\\\amazon-clone\\\\functions\\\\node_modules\\\\firebase-admin\\\\lib\\\\index.js\"}}"}}
[debug] [2021-10-25T13:06:59.931Z] [worker-~diagnostic~-731c886b-f745-450f-a6c4-53abbfc01f25]: IDLE {"metadata":{"emulator":{"name":"functions"},"message":"[worker-~diagnostic~-731c886b-f745-450f-a6c4-53abbfc01f25]: IDLE"}}
[debug] [2021-10-25T13:07:00.651Z] File C:\Users\Mati\Desktop\Amazon Clone\amazon-clone\functions\index.js changed, reloading triggers {"metadata":{"emulator":{"name":"functions"},"message":"File C:\\Users\\Mati\\Desktop\\Amazon Clone\\amazon-clone\\functions\\index.js changed, reloading triggers"}}
[debug] [2021-10-25T13:07:01.663Z] [worker-pool] Shutting down IDLE worker (~diagnostic~) {"metadata":{"emulator":{"name":"functions"},"message":"[worker-pool] Shutting down IDLE worker (~diagnostic~)"}}
[debug] [2021-10-25T13:07:01.663Z] [worker-~diagnostic~-731c886b-f745-450f-a6c4-53abbfc01f25]: FINISHING {"metadata":{"emulator":{"name":"functions"},"message":"[worker-~diagnostic~-731c886b-f745-450f-a6c4-53abbfc01f25]: FINISHING"}}
[debug] [2021-10-25T13:07:01.664Z] [worker-pool] Cleaned up workers for ~diagnostic~: 2 --> 1 {"metadata":{"emulator":{"name":"functions"},"message":"[worker-pool] Cleaned up workers for ~diagnostic~: 2 --> 1"}}
[debug] [2021-10-25T13:07:01.670Z] [worker-pool] addWorker(~diagnostic~) {"metadata":{"emulator":{"name":"functions"},"message":"[worker-pool] addWorker(~diagnostic~)"}}
[debug] [2021-10-25T13:07:01.670Z] [worker-pool] Adding worker with key ~diagnostic~, total=2 {"metadata":{"emulator":{"name":"functions"},"message":"[worker-pool] Adding worker with key ~diagnostic~, total=2"}}
[debug] [2021-10-25T13:07:01.670Z] [worker-pool] submitWork(triggerId=) {"metadata":{"emulator":{"name":"functions"},"message":"[worker-pool] submitWork(triggerId=)"}}
[debug] [2021-10-25T13:07:01.670Z] [worker-~diagnostic~-db074395-cc98-496f-bcd3-27d2d2f41ef0]: Assigning socketPath: \\?\pipe\C:\Users\Mati\Desktop\Amazon Clone\amazon-clone\functions\1640 {"metadata":{"emulator":{"name":"functions"},"message":"[worker-~diagnostic~-db074395-cc98-496f-bcd3-27d2d2f41ef0]: Assigning socketPath: \\\\?\\pipe\\C:\\Users\\Mati\\Desktop\\Amazon Clone\\amazon-clone\\functions\\1640"}}
[debug] [2021-10-25T13:07:01.670Z] [worker-~diagnostic~-db074395-cc98-496f-bcd3-27d2d2f41ef0]: BUSY {"metadata":{"emulator":{"name":"functions"},"message":"[worker-~diagnostic~-db074395-cc98-496f-bcd3-27d2d2f41ef0]: BUSY"}}
[debug] [2021-10-25T13:07:01.673Z] [worker-~diagnostic~-731c886b-f745-450f-a6c4-53abbfc01f25]: exited {"metadata":{"emulator":{"name":"functions"},"message":"[worker-~diagnostic~-731c886b-f745-450f-a6c4-53abbfc01f25]: exited"}}
[debug] [2021-10-25T13:07:01.674Z] [worker-~diagnostic~-731c886b-f745-450f-a6c4-53abbfc01f25]: FINISHED {"metadata":{"emulator":{"name":"functions"},"message":"[worker-~diagnostic~-731c886b-f745-450f-a6c4-53abbfc01f25]: FINISHED"}}
[debug] [2021-10-25T13:07:01.896Z] [runtime-status] [1640] Functions runtime initialized. {"cwd":"C:\\Users\\Mati\\Desktop\\Amazon Clone\\amazon-clone\\functions","node_version":"14.18.1"} {"metadata":{"emulator":{"name":"functions"},"message":"[runtime-status] [1640] Functions runtime initialized. {\"cwd\":\"C:\\\\Users\\\\Mati\\\\Desktop\\\\Amazon Clone\\\\amazon-clone\\\\functions\",\"node_version\":\"14.18.1\"}"}}
[debug] [2021-10-25T13:07:01.899Z] [runtime-status] [1640] Disabled runtime features: undefined {"metadata":{"emulator":{"name":"functions"},"message":"[runtime-status] [1640] Disabled runtime features: undefined"}}
[debug] [2021-10-25T13:07:01.903Z] [runtime-status] [1640] Resolved module firebase-admin {"declared":true,"installed":true,"version":"9.12.0","resolution":"C:\\Users\\Mati\\Desktop\\Amazon Clone\\amazon-clone\\functions\\node_modules\\firebase-admin\\lib\\index.js"} {"metadata":{"emulator":{"name":"functions"},"message":"[runtime-status] [1640] Resolved module firebase-admin {\"declared\":true,\"installed\":true,\"version\":\"9.12.0\",\"resolution\":\"C:\\\\Users\\\\Mati\\\\Desktop\\\\Amazon Clone\\\\amazon-clone\\\\functions\\\\node_modules\\\\firebase-admin\\\\lib\\\\index.js\"}"}}
[debug] [2021-10-25T13:07:01.906Z] [runtime-status] [1640] Resolved module firebase-functions {"declared":true,"installed":true,"version":"3.15.7","resolution":"C:\\Users\\Mati\\Desktop\\Amazon Clone\\amazon-clone\\functions\\node_modules\\firebase-functions\\lib\\index.js"} {"metadata":{"emulator":{"name":"functions"},"message":"[runtime-status] [1640] Resolved module firebase-functions {\"declared\":true,\"installed\":true,\"version\":\"3.15.7\",\"resolution\":\"C:\\\\Users\\\\Mati\\\\Desktop\\\\Amazon Clone\\\\amazon-clone\\\\functions\\\\node_modules\\\\firebase-functions\\\\lib\\\\index.js\"}"}}
[debug] [2021-10-25T13:07:01.907Z] [runtime-status] [1640] Outgoing network have been stubbed. [{"name":"http","status":"mocked"},{"name":"http","status":"mocked"},{"name":"https","status":"mocked"},{"name":"https","status":"mocked"},{"name":"net","status":"mocked"}] {"metadata":{"emulator":{"name":"functions"},"message":"[runtime-status] [1640] Outgoing network have been stubbed. [{\"name\":\"http\",\"status\":\"mocked\"},{\"name\":\"http\",\"status\":\"mocked\"},{\"name\":\"https\",\"status\":\"mocked\"},{\"name\":\"https\",\"status\":\"mocked\"},{\"name\":\"net\",\"status\":\"mocked\"}]"}}
[debug] [2021-10-25T13:07:01.909Z] [runtime-status] [1640] Resolved module firebase-functions {"declared":true,"installed":true,"version":"3.15.7","resolution":"C:\\Users\\Mati\\Desktop\\Amazon Clone\\amazon-clone\\functions\\node_modules\\firebase-functions\\lib\\index.js"} {"metadata":{"emulator":{"name":"functions"},"message":"[runtime-status] [1640] Resolved module firebase-functions {\"declared\":true,\"installed\":true,\"version\":\"3.15.7\",\"resolution\":\"C:\\\\Users\\\\Mati\\\\Desktop\\\\Amazon Clone\\\\amazon-clone\\\\functions\\\\node_modules\\\\firebase-functions\\\\lib\\\\index.js\"}"}}
[debug] [2021-10-25T13:07:01.963Z] [runtime-status] [1640] Checked functions.config() {"config":{}} {"metadata":{"emulator":{"name":"functions"},"message":"[runtime-status] [1640] Checked functions.config() {\"config\":{}}"}}
[debug] [2021-10-25T13:07:01.963Z] [runtime-status] [1640] firebase-functions has been stubbed. {"functionsResolution":{"declared":true,"installed":true,"version":"3.15.7","resolution":"C:\\Users\\Mati\\Desktop\\Amazon Clone\\amazon-clone\\functions\\node_modules\\firebase-functions\\lib\\index.js"}} {"metadata":{"emulator":{"name":"functions"},"message":"[runtime-status] [1640] firebase-functions has been stubbed. {\"functionsResolution\":{\"declared\":true,\"installed\":true,\"version\":\"3.15.7\",\"resolution\":\"C:\\\\Users\\\\Mati\\\\Desktop\\\\Amazon Clone\\\\amazon-clone\\\\functions\\\\node_modules\\\\firebase-functions\\\\lib\\\\index.js\"}}"}}
[debug] [2021-10-25T13:07:01.965Z] [runtime-status] [1640] Resolved module firebase-functions {"declared":true,"installed":true,"version":"3.15.7","resolution":"C:\\Users\\Mati\\Desktop\\Amazon Clone\\amazon-clone\\functions\\node_modules\\firebase-functions\\lib\\index.js"} {"metadata":{"emulator":{"name":"functions"},"message":"[runtime-status] [1640] Resolved module firebase-functions {\"declared\":true,\"installed\":true,\"version\":\"3.15.7\",\"resolution\":\"C:\\\\Users\\\\Mati\\\\Desktop\\\\Amazon Clone\\\\amazon-clone\\\\functions\\\\node_modules\\\\firebase-functions\\\\lib\\\\index.js\"}"}}
[debug] [2021-10-25T13:07:01.967Z] [runtime-status] [1640] Resolved module firebase-admin {"declared":true,"installed":true,"version":"9.12.0","resolution":"C:\\Users\\Mati\\Desktop\\Amazon Clone\\amazon-clone\\functions\\node_modules\\firebase-admin\\lib\\index.js"} {"metadata":{"emulator":{"name":"functions"},"message":"[runtime-status] [1640] Resolved module firebase-admin {\"declared\":true,\"installed\":true,\"version\":\"9.12.0\",\"resolution\":\"C:\\\\Users\\\\Mati\\\\Desktop\\\\Amazon Clone\\\\amazon-clone\\\\functions\\\\node_modules\\\\firebase-admin\\\\lib\\\\index.js\"}"}}
[debug] [2021-10-25T13:07:01.967Z] [runtime-status] [1640] Resolved module firebase-functions {"declared":true,"installed":true,"version":"3.15.7","resolution":"C:\\Users\\Mati\\Desktop\\Amazon Clone\\amazon-clone\\functions\\node_modules\\firebase-functions\\lib\\index.js"} {"metadata":{"emulator":{"name":"functions"},"message":"[runtime-status] [1640] Resolved module firebase-functions {\"declared\":true,\"installed\":true,\"version\":\"3.15.7\",\"resolution\":\"C:\\\\Users\\\\Mati\\\\Desktop\\\\Amazon Clone\\\\amazon-clone\\\\functions\\\\node_modules\\\\firebase-functions\\\\lib\\\\index.js\"}"}}
[debug] [2021-10-25T13:07:01.968Z] [runtime-status] [1640] firebase-admin has been stubbed. {"adminResolution":{"declared":true,"installed":true,"version":"9.12.0","resolution":"C:\\Users\\Mati\\Desktop\\Amazon Clone\\amazon-clone\\functions\\node_modules\\firebase-admin\\lib\\index.js"}} {"metadata":{"emulator":{"name":"functions"},"message":"[runtime-status] [1640] firebase-admin has been stubbed. {\"adminResolution\":{\"declared\":true,\"installed\":true,\"version\":\"9.12.0\",\"resolution\":\"C:\\\\Users\\\\Mati\\\\Desktop\\\\Amazon Clone\\\\amazon-clone\\\\functions\\\\node_modules\\\\firebase-admin\\\\lib\\\\index.js\"}}"}}
[debug] [2021-10-25T13:07:02.146Z] [worker-~diagnostic~-db074395-cc98-496f-bcd3-27d2d2f41ef0]: IDLE {"metadata":{"emulator":{"name":"functions"},"message":"[worker-~diagnostic~-db074395-cc98-496f-bcd3-27d2d2f41ef0]: IDLE"}}
[debug] [2021-10-25T13:07:54.414Z] File C:\Users\Mati\Desktop\Amazon Clone\amazon-clone\functions\index.js changed, reloading triggers {"metadata":{"emulator":{"name":"functions"},"message":"File C:\\Users\\Mati\\Desktop\\Amazon Clone\\amazon-clone\\functions\\index.js changed, reloading triggers"}}
[debug] [2021-10-25T13:07:55.425Z] [worker-pool] Shutting down IDLE worker (~diagnostic~) {"metadata":{"emulator":{"name":"functions"},"message":"[worker-pool] Shutting down IDLE worker (~diagnostic~)"}}
[debug] [2021-10-25T13:07:55.425Z] [worker-~diagnostic~-db074395-cc98-496f-bcd3-27d2d2f41ef0]: FINISHING {"metadata":{"emulator":{"name":"functions"},"message":"[worker-~diagnostic~-db074395-cc98-496f-bcd3-27d2d2f41ef0]: FINISHING"}}
[debug] [2021-10-25T13:07:55.425Z] [worker-pool] Cleaned up workers for ~diagnostic~: 2 --> 1 {"metadata":{"emulator":{"name":"functions"},"message":"[worker-pool] Cleaned up workers for ~diagnostic~: 2 --> 1"}}
[debug] [2021-10-25T13:07:55.448Z] [worker-pool] addWorker(~diagnostic~) {"metadata":{"emulator":{"name":"functions"},"message":"[worker-pool] addWorker(~diagnostic~)"}}
[debug] [2021-10-25T13:07:55.449Z] [worker-pool] Adding worker with key ~diagnostic~, total=2 {"metadata":{"emulator":{"name":"functions"},"message":"[worker-pool] Adding worker with key ~diagnostic~, total=2"}}
[debug] [2021-10-25T13:07:55.449Z] [worker-pool] submitWork(triggerId=) {"metadata":{"emulator":{"name":"functions"},"message":"[worker-pool] submitWork(triggerId=)"}}
[debug] [2021-10-25T13:07:55.449Z] [worker-~diagnostic~-375d370f-2ad9-41aa-97c6-f57debd9d1c7]: Assigning socketPath: \\?\pipe\C:\Users\Mati\Desktop\Amazon Clone\amazon-clone\functions\6616 {"metadata":{"emulator":{"name":"functions"},"message":"[worker-~diagnostic~-375d370f-2ad9-41aa-97c6-f57debd9d1c7]: Assigning socketPath: \\\\?\\pipe\\C:\\Users\\Mati\\Desktop\\Amazon Clone\\amazon-clone\\functions\\6616"}}
[debug] [2021-10-25T13:07:55.449Z] [worker-~diagnostic~-375d370f-2ad9-41aa-97c6-f57debd9d1c7]: BUSY {"metadata":{"emulator":{"name":"functions"},"message":"[worker-~diagnostic~-375d370f-2ad9-41aa-97c6-f57debd9d1c7]: BUSY"}}
[debug] [2021-10-25T13:07:55.451Z] [worker-~diagnostic~-db074395-cc98-496f-bcd3-27d2d2f41ef0]: exited {"metadata":{"emulator":{"name":"functions"},"message":"[worker-~diagnostic~-db074395-cc98-496f-bcd3-27d2d2f41ef0]: exited"}}
[debug] [2021-10-25T13:07:55.452Z] [worker-~diagnostic~-db074395-cc98-496f-bcd3-27d2d2f41ef0]: FINISHED {"metadata":{"emulator":{"name":"functions"},"message":"[worker-~diagnostic~-db074395-cc98-496f-bcd3-27d2d2f41ef0]: FINISHED"}}
[debug] [2021-10-25T13:07:56.070Z] [runtime-status] [6616] Functions runtime initialized. {"cwd":"C:\\Users\\Mati\\Desktop\\Amazon Clone\\amazon-clone\\functions","node_version":"14.18.1"} {"metadata":{"emulator":{"name":"functions"},"message":"[runtime-status] [6616] Functions runtime initialized. {\"cwd\":\"C:\\\\Users\\\\Mati\\\\Desktop\\\\Amazon Clone\\\\amazon-clone\\\\functions\",\"node_version\":\"14.18.1\"}"}}
[debug] [2021-10-25T13:07:56.076Z] [runtime-status] [6616] Disabled runtime features: undefined {"metadata":{"emulator":{"name":"functions"},"message":"[runtime-status] [6616] Disabled runtime features: undefined"}}
[debug] [2021-10-25T13:07:56.080Z] [runtime-status] [6616] Resolved module firebase-admin {"declared":true,"installed":true,"version":"9.12.0","resolution":"C:\\Users\\Mati\\Desktop\\Amazon Clone\\amazon-clone\\functions\\node_modules\\firebase-admin\\lib\\index.js"} {"metadata":{"emulator":{"name":"functions"},"message":"[runtime-status] [6616] Resolved module firebase-admin {\"declared\":true,\"installed\":true,\"version\":\"9.12.0\",\"resolution\":\"C:\\\\Users\\\\Mati\\\\Desktop\\\\Amazon Clone\\\\amazon-clone\\\\functions\\\\node_modules\\\\firebase-admin\\\\lib\\\\index.js\"}"}}
[debug] [2021-10-25T13:07:56.085Z] [runtime-status] [6616] Resolved module firebase-functions {"declared":true,"installed":true,"version":"3.15.7","resolution":"C:\\Users\\Mati\\Desktop\\Amazon Clone\\amazon-clone\\functions\\node_modules\\firebase-functions\\lib\\index.js"} {"metadata":{"emulator":{"name":"functions"},"message":"[runtime-status] [6616] Resolved module firebase-functions {\"declared\":true,\"installed\":true,\"version\":\"3.15.7\",\"resolution\":\"C:\\\\Users\\\\Mati\\\\Desktop\\\\Amazon Clone\\\\amazon-clone\\\\functions\\\\node_modules\\\\firebase-functions\\\\lib\\\\index.js\"}"}}
[debug] [2021-10-25T13:07:56.091Z] [runtime-status] [6616] Outgoing network have been stubbed. [{"name":"http","status":"mocked"},{"name":"http","status":"mocked"},{"name":"https","status":"mocked"},{"name":"https","status":"mocked"},{"name":"net","status":"mocked"}] {"metadata":{"emulator":{"name":"functions"},"message":"[runtime-status] [6616] Outgoing network have been stubbed. [{\"name\":\"http\",\"status\":\"mocked\"},{\"name\":\"http\",\"status\":\"mocked\"},{\"name\":\"https\",\"status\":\"mocked\"},{\"name\":\"https\",\"status\":\"mocked\"},{\"name\":\"net\",\"status\":\"mocked\"}]"}}
[debug] [2021-10-25T13:07:56.093Z] [runtime-status] [6616] Resolved module firebase-functions {"declared":true,"installed":true,"version":"3.15.7","resolution":"C:\\Users\\Mati\\Desktop\\Amazon Clone\\amazon-clone\\functions\\node_modules\\firebase-functions\\lib\\index.js"} {"metadata":{"emulator":{"name":"functions"},"message":"[runtime-status] [6616] Resolved module firebase-functions {\"declared\":true,\"installed\":true,\"version\":\"3.15.7\",\"resolution\":\"C:\\\\Users\\\\Mati\\\\Desktop\\\\Amazon Clone\\\\amazon-clone\\\\functions\\\\node_modules\\\\firebase-functions\\\\lib\\\\index.js\"}"}}
[debug] [2021-10-25T13:07:56.180Z] [runtime-status] [6616] Checked functions.config() {"config":{}} {"metadata":{"emulator":{"name":"functions"},"message":"[runtime-status] [6616] Checked functions.config() {\"config\":{}}"}}
[debug] [2021-10-25T13:07:56.180Z] [runtime-status] [6616] firebase-functions has been stubbed. {"functionsResolution":{"declared":true,"installed":true,"version":"3.15.7","resolution":"C:\\Users\\Mati\\Desktop\\Amazon Clone\\amazon-clone\\functions\\node_modules\\firebase-functions\\lib\\index.js"}} {"metadata":{"emulator":{"name":"functions"},"message":"[runtime-status] [6616] firebase-functions has been stubbed. {\"functionsResolution\":{\"declared\":true,\"installed\":true,\"version\":\"3.15.7\",\"resolution\":\"C:\\\\Users\\\\Mati\\\\Desktop\\\\Amazon Clone\\\\amazon-clone\\\\functions\\\\node_modules\\\\firebase-functions\\\\lib\\\\index.js\"}}"}}
[debug] [2021-10-25T13:07:56.181Z] [runtime-status] [6616] Resolved module firebase-functions {"declared":true,"installed":true,"version":"3.15.7","resolution":"C:\\Users\\Mati\\Desktop\\Amazon Clone\\amazon-clone\\functions\\node_modules\\firebase-functions\\lib\\index.js"} {"metadata":{"emulator":{"name":"functions"},"message":"[runtime-status] [6616] Resolved module firebase-functions {\"declared\":true,\"installed\":true,\"version\":\"3.15.7\",\"resolution\":\"C:\\\\Users\\\\Mati\\\\Desktop\\\\Amazon Clone\\\\amazon-clone\\\\functions\\\\node_modules\\\\firebase-functions\\\\lib\\\\index.js\"}"}}
[debug] [2021-10-25T13:07:56.183Z] [runtime-status] [6616] Resolved module firebase-admin {"declared":true,"installed":true,"version":"9.12.0","resolution":"C:\\Users\\Mati\\Desktop\\Amazon Clone\\amazon-clone\\functions\\node_modules\\firebase-admin\\lib\\index.js"} {"metadata":{"emulator":{"name":"functions"},"message":"[runtime-status] [6616] Resolved module firebase-admin {\"declared\":true,\"installed\":true,\"version\":\"9.12.0\",\"resolution\":\"C:\\\\Users\\\\Mati\\\\Desktop\\\\Amazon Clone\\\\amazon-clone\\\\functions\\\\node_modules\\\\firebase-admin\\\\lib\\\\index.js\"}"}}
[debug] [2021-10-25T13:07:56.184Z] [runtime-status] [6616] Resolved module firebase-functions {"declared":true,"installed":true,"version":"3.15.7","resolution":"C:\\Users\\Mati\\Desktop\\Amazon Clone\\amazon-clone\\functions\\node_modules\\firebase-functions\\lib\\index.js"} {"metadata":{"emulator":{"name":"functions"},"message":"[runtime-status] [6616] Resolved module firebase-functions {\"declared\":true,\"installed\":true,\"version\":\"3.15.7\",\"resolution\":\"C:\\\\Users\\\\Mati\\\\Desktop\\\\Amazon Clone\\\\amazon-clone\\\\functions\\\\node_modules\\\\firebase-functions\\\\lib\\\\index.js\"}"}}
[debug] [2021-10-25T13:07:56.184Z] [runtime-status] [6616] firebase-admin has been stubbed. {"adminResolution":{"declared":true,"installed":true,"version":"9.12.0","resolution":"C:\\Users\\Mati\\Desktop\\Amazon Clone\\amazon-clone\\functions\\node_modules\\firebase-admin\\lib\\index.js"}} {"metadata":{"emulator":{"name":"functions"},"message":"[runtime-status] [6616] firebase-admin has been stubbed. {\"adminResolution\":{\"declared\":true,\"installed\":true,\"version\":\"9.12.0\",\"resolution\":\"C:\\\\Users\\\\Mati\\\\Desktop\\\\Amazon Clone\\\\amazon-clone\\\\functions\\\\node_modules\\\\firebase-admin\\\\lib\\\\index.js\"}}"}}
[debug] [2021-10-25T13:07:56.382Z] [worker-~diagnostic~-375d370f-2ad9-41aa-97c6-f57debd9d1c7]: IDLE {"metadata":{"emulator":{"name":"functions"},"message":"[worker-~diagnostic~-375d370f-2ad9-41aa-97c6-f57debd9d1c7]: IDLE"}}
[debug] [2021-10-25T13:08:01.956Z] File C:\Users\Mati\Desktop\Amazon Clone\amazon-clone\functions\index.js changed, reloading triggers {"metadata":{"emulator":{"name":"functions"},"message":"File C:\\Users\\Mati\\Desktop\\Amazon Clone\\amazon-clone\\functions\\index.js changed, reloading triggers"}}
